info: ::1 - - [17/Dec/2024:07:44:56 +0000] "POST /api/v1/users/upload-portfolio HTTP/1.1" 200 66 "-" "PostmanRuntime/7.43.0"

info: ::1 - - [17/Dec/2024:07:55:30 +0000] "POST /api/v1/users/upload-portfolio HTTP/1.1" 200 66 "-" "PostmanRuntime/7.43.0"

info: ::1 - - [17/Dec/2024:08:02:35 +0000] "POST /api/v1/users/upload-portfolio HTTP/1.1" 200 66 "-" "PostmanRuntime/7.43.0"

info: ::1 - - [17/Dec/2024:08:04:55 +0000] "POST /api/v1/users/upload-portfolio HTTP/1.1" 200 66 "-" "PostmanRuntime/7.43.0"

info: ::1 - - [17/Dec/2024:08:06:32 +0000] "POST /api/v1/users/upload-portfolio HTTP/1.1" 200 66 "-" "PostmanRuntime/7.43.0"

info: ::1 - - [17/Dec/2024:08:16:23 +0000] "POST /api/v1/users/upload-portfolio HTTP/1.1" 200 66 "-" "PostmanRuntime/7.43.0"

info: ::1 - - [17/Dec/2024:08:21:35 +0000] "POST /api/v1/users/upload-portfolio HTTP/1.1" 200 66 "-" "PostmanRuntime/7.43.0"

info: ::1 - - [17/Dec/2024:08:27:48 +0000] "POST /api/v1/users/upload-portfolio HTTP/1.1" 200 66 "-" "PostmanRuntime/7.43.0"

info: ::1 - - [17/Dec/2024:08:37:17 +0000] "POST /api/v1/users/upload-portfolio HTTP/1.1" 200 66 "-" "PostmanRuntime/7.43.0"

info: ::1 - - [17/Dec/2024:08:44:03 +0000] "POST /api/v1/users/upload-portfolio HTTP/1.1" 200 66 "-" "PostmanRuntime/7.43.0"

info: ::1 - - [17/Dec/2024:08:46:20 +0000] "POST /api/v1/users/upload-portfolio HTTP/1.1" 200 66 "-" "PostmanRuntime/7.43.0"

info: ::1 - - [17/Dec/2024:08:47:07 +0000] "POST /api/v1/users/upload-portfolio HTTP/1.1" 200 66 "-" "PostmanRuntime/7.43.0"

info: ::1 - - [17/Dec/2024:08:49:27 +0000] "POST /api/v1/users/upload-portfolio HTTP/1.1" 200 66 "-" "PostmanRuntime/7.43.0"

info: ::1 - - [17/Dec/2024:08:54:54 +0000] "POST /api/v1/users/upload-portfolio HTTP/1.1" 200 66 "-" "PostmanRuntime/7.43.0"

info: ::1 - - [17/Dec/2024:08:56:08 +0000] "GET /main.8179d48c57018180ff1a.hot-update.json HTTP/1.1" 404 47 "http://localhost:3000/admin/data-tables" "Mozilla/5.0 (Windows NT 10.0; Win64; x64) AppleWebKit/537.36 (KHTML, like Gecko) Chrome/131.0.0.0 Safari/537.36 Edg/131.0.0.0"

info: ::1 - - [17/Dec/2024:08:56:09 +0000] "GET /admin/data-tables HTTP/1.1" 404 47 "http://localhost:3000/admin/data-tables" "Mozilla/5.0 (Windows NT 10.0; Win64; x64) AppleWebKit/537.36 (KHTML, like Gecko) Chrome/131.0.0.0 Safari/537.36 Edg/131.0.0.0"

info: ::1 - - [17/Dec/2024:09:02:07 +0000] "POST /api/v1/users/upload-portfolio HTTP/1.1" 200 66 "-" "PostmanRuntime/7.43.0"

info: ::1 - - [17/Dec/2024:09:04:07 +0000] "POST /api/v1/users/upload-portfolio HTTP/1.1" 200 66 "-" "PostmanRuntime/7.43.0"

info: ::1 - - [17/Dec/2024:09:05:22 +0000] "POST /api/v1/users/upload-portfolio HTTP/1.1" 200 66 "-" "PostmanRuntime/7.43.0"

info: ::1 - - [17/Dec/2024:09:06:39 +0000] "POST /api/v1/users/upload-portfolio HTTP/1.1" 200 66 "-" "PostmanRuntime/7.43.0"

info: ::1 - - [17/Dec/2024:09:07:38 +0000] "POST /api/v1/users/upload-portfolio HTTP/1.1" 200 66 "-" "PostmanRuntime/7.43.0"

info: ::1 - - [17/Dec/2024:09:07:50 +0000] "POST /api/v1/users/upload-portfolio HTTP/1.1" 200 66 "-" "PostmanRuntime/7.43.0"

info: ::1 - - [17/Dec/2024:09:10:00 +0000] "POST /api/v1/users/upload-portfolio HTTP/1.1" 200 66 "-" "PostmanRuntime/7.43.0"

info: ::1 - - [17/Dec/2024:09:12:35 +0000] "POST /api/v1/users/upload-portfolio HTTP/1.1" 200 66 "-" "PostmanRuntime/7.43.0"

info: ::1 - - [17/Dec/2024:09:15:35 +0000] "POST /api/v1/users/upload-portfolio HTTP/1.1" 200 66 "-" "PostmanRuntime/7.43.0"

info: ::1 - - [17/Dec/2024:09:24:21 +0000] "POST /api/v1/users/upload-portfolio HTTP/1.1" 200 66 "-" "PostmanRuntime/7.43.0"

info: ::1 - - [17/Dec/2024:09:24:24 +0000] "POST /api/v1/users/upload-portfolio HTTP/1.1" 200 66 "-" "PostmanRuntime/7.43.0"

info: ::1 - - [17/Dec/2024:09:25:14 +0000] "POST /api/v1/users/upload-portfolio HTTP/1.1" 500 11 "-" "PostmanRuntime/7.43.0"

info: ::1 - - [17/Dec/2024:09:29:44 +0000] "POST /api/v1/users/upload-portfolio HTTP/1.1" 200 113 "-" "PostmanRuntime/7.43.0"

info: ::1 - - [17/Dec/2024:09:49:09 +0000] "POST /api/v1/users/upload-portfolio HTTP/1.1" 200 21 "-" "PostmanRuntime/7.43.0"

info: ::1 - - [17/Dec/2024:09:53:08 +0000] "POST /api/v1/users/upload-portfolio HTTP/1.1" 200 35 "-" "PostmanRuntime/7.43.0"

info: ::1 - - [17/Dec/2024:09:55:31 +0000] "POST /api/v1/users/upload-portfolio HTTP/1.1" 500 107 "-" "PostmanRuntime/7.43.0"

info: ::1 - - [17/Dec/2024:09:59:15 +0000] "POST /api/v1/users/upload-portfolio HTTP/1.1" 500 107 "-" "PostmanRuntime/7.43.0"

info: ::1 - - [17/Dec/2024:09:59:20 +0000] "POST /api/v1/users/upload-portfolio HTTP/1.1" 500 107 "-" "PostmanRuntime/7.43.0"

info: ::1 - - [17/Dec/2024:10:00:10 +0000] "POST /api/v1/users/upload-portfolio HTTP/1.1" 500 107 "-" "PostmanRuntime/7.43.0"

info: ::1 - - [17/Dec/2024:10:01:30 +0000] "POST /api/v1/users/upload-portfolio HTTP/1.1" 500 107 "-" "PostmanRuntime/7.43.0"

info: ::1 - - [17/Dec/2024:10:03:19 +0000] "POST /api/v1/users/upload-portfolio HTTP/1.1" 500 107 "-" "PostmanRuntime/7.43.0"

info: ::1 - - [17/Dec/2024:10:03:53 +0000] "POST /api/v1/users/upload-portfolio HTTP/1.1" 400 30 "-" "PostmanRuntime/7.43.0"

info: ::1 - - [17/Dec/2024:10:04:06 +0000] "POST /api/v1/users/upload-portfolio HTTP/1.1" 500 107 "-" "PostmanRuntime/7.43.0"

info: ::1 - - [17/Dec/2024:10:08:54 +0000] "POST /api/v1/users/upload-portfolio HTTP/1.1" 500 106 "-" "PostmanRuntime/7.43.0"

info: ::1 - - [17/Dec/2024:10:10:24 +0000] "POST /api/v1/users/upload-portfolio HTTP/1.1" 200 14 "-" "PostmanRuntime/7.43.0"

info: ::1 - - [17/Dec/2024:10:11:22 +0000] "POST /api/v1/users/upload-portfolio HTTP/1.1" 200 14 "-" "PostmanRuntime/7.43.0"

info: ::1 - - [17/Dec/2024:10:19:12 +0000] "POST /api/v1/users/upload-portfolio HTTP/1.1" 200 14 "-" "PostmanRuntime/7.43.0"

info: ::1 - - [17/Dec/2024:10:19:50 +0000] "POST /api/v1/users/upload-portfolio HTTP/1.1" 200 14 "-" "PostmanRuntime/7.43.0"

info: ::1 - - [17/Dec/2024:10:19:53 +0000] "POST /api/v1/users/upload-portfolio HTTP/1.1" 200 14 "-" "PostmanRuntime/7.43.0"

info: ::1 - - [17/Dec/2024:10:19:55 +0000] "POST /api/v1/users/upload-portfolio HTTP/1.1" 200 14 "-" "PostmanRuntime/7.43.0"

info: ::1 - - [17/Dec/2024:10:19:58 +0000] "POST /api/v1/users/upload-portfolio HTTP/1.1" 200 14 "-" "PostmanRuntime/7.43.0"

info: ::1 - - [17/Dec/2024:10:20:39 +0000] "POST /api/v1/users/upload-portfolio HTTP/1.1" 200 92 "-" "PostmanRuntime/7.43.0"

info: ::1 - - [17/Dec/2024:10:21:37 +0000] "POST /api/v1/users/upload-portfolio HTTP/1.1" 200 92 "-" "PostmanRuntime/7.43.0"

info: ::1 - - [17/Dec/2024:10:21:52 +0000] "POST /api/v1/users/upload-portfolio HTTP/1.1" 200 92 "-" "PostmanRuntime/7.43.0"

info: ::1 - - [17/Dec/2024:10:22:36 +0000] "POST /api/v1/users/upload-portfolio HTTP/1.1" 200 92 "-" "PostmanRuntime/7.43.0"

info: ::1 - - [17/Dec/2024:10:23:53 +0000] "POST /api/v1/users/upload-portfolio HTTP/1.1" - - "-" "PostmanRuntime/7.43.0"

info: ::1 - - [17/Dec/2024:10:25:10 +0000] "POST /api/v1/users/upload-portfolio HTTP/1.1" - - "-" "PostmanRuntime/7.43.0"

info: ::1 - - [17/Dec/2024:10:27:56 +0000] "GET /admin/default HTTP/1.1" 404 47 "-" "Mozilla/5.0 (Windows NT 10.0; Win64; x64) AppleWebKit/537.36 (KHTML, like Gecko) Chrome/131.0.0.0 Safari/537.36 Edg/131.0.0.0"

info: ::1 - - [17/Dec/2024:10:27:57 +0000] "GET /admin/default HTTP/1.1" 404 47 "-" "Mozilla/5.0 (Windows NT 10.0; Win64; x64) AppleWebKit/537.36 (KHTML, like Gecko) Chrome/131.0.0.0 Safari/537.36 Edg/131.0.0.0"

info: ::1 - - [17/Dec/2024:10:27:58 +0000] "GET /admin/default HTTP/1.1" 404 47 "-" "Mozilla/5.0 (Windows NT 10.0; Win64; x64) AppleWebKit/537.36 (KHTML, like Gecko) Chrome/131.0.0.0 Safari/537.36 Edg/131.0.0.0"

info: ::1 - - [17/Dec/2024:10:27:59 +0000] "GET /admin/default HTTP/1.1" 404 47 "-" "Mozilla/5.0 (Windows NT 10.0; Win64; x64) AppleWebKit/537.36 (KHTML, like Gecko) Chrome/131.0.0.0 Safari/537.36 Edg/131.0.0.0"

info: ::1 - - [17/Dec/2024:10:30:55 +0000] "POST /api/v1/users/upload-portfolio HTTP/1.1" - - "-" "PostmanRuntime/7.43.0"

info: ::1 - - [17/Dec/2024:11:16:42 +0000] "POST /api/v1/users/upload-portfolio HTTP/1.1" 200 92 "-" "PostmanRuntime/7.43.0"

info: ::1 - - [17/Dec/2024:11:24:37 +0000] "POST /api/v1/users/upload-portfolio HTTP/1.1" 200 92 "-" "PostmanRuntime/7.43.0"

info: ::1 - - [17/Dec/2024:11:25:19 +0000] "POST /api/v1/users/upload-portfolio HTTP/1.1" 200 7 "-" "PostmanRuntime/7.43.0"

info: ::1 - - [17/Dec/2024:11:26:16 +0000] "POST /api/v1/users/upload-portfolio HTTP/1.1" 200 7 "-" "PostmanRuntime/7.43.0"

info: ::1 - - [17/Dec/2024:11:29:52 +0000] "POST /api/v1/users/upload-portfolio HTTP/1.1" 200 7 "-" "PostmanRuntime/7.43.0"

info: ::1 - - [17/Dec/2024:11:38:14 +0000] "POST /api/v1/users/upload-portfolio HTTP/1.1" 200 7 "-" "PostmanRuntime/7.43.0"

info: ::1 - - [17/Dec/2024:12:00:41 +0000] "POST /api/v1/users/upload-portfolio HTTP/1.1" 200 29 "http://localhost:3000/admin/data-tables" "Mozilla/5.0 (Windows NT 10.0; Win64; x64) AppleWebKit/537.36 (KHTML, like Gecko) Chrome/131.0.0.0 Safari/537.36 Edg/131.0.0.0"

info: ::1 - - [17/Dec/2024:12:00:49 +0000] "POST /api/v1/users/upload-portfolio HTTP/1.1" 200 29 "http://localhost:3000/admin/data-tables" "Mozilla/5.0 (Windows NT 10.0; Win64; x64) AppleWebKit/537.36 (KHTML, like Gecko) Chrome/131.0.0.0 Safari/537.36 Edg/131.0.0.0"

