info: Server started at http://localhost:3000/api/v1/ {"timestamp":"2024-12-16T05:14:09.686Z"}
error: Could not connect to the database. Access denied for user 'admin'@'localhost' (using password: YES) {"name":"SequelizeAccessDeniedError","original":{"code":"ER_ACCESS_DENIED_ERROR","errno":1045,"sqlMessage":"Access denied for user 'admin'@'localhost' (using password: YES)","sqlState":"28000"},"parent":{"code":"ER_ACCESS_DENIED_ERROR","errno":1045,"sqlMessage":"Access denied for user 'admin'@'localhost' (using password: YES)","sqlState":"28000"},"stack":"SequelizeAccessDeniedError: Access denied for user 'admin'@'localhost' (using password: YES)\n    at ConnectionManager.connect (C:\\Users\\admin\\Desktop\\yahoo google\\backend\\socket\\node_modules\\sequelize\\lib\\dialects\\mysql\\connection-manager.js:94:17)\n    at process.processTicksAndRejections (node:internal/process/task_queues:95:5)\n    at async ConnectionManager._connect (C:\\Users\\admin\\Desktop\\yahoo google\\backend\\socket\\node_modules\\sequelize\\lib\\dialects\\abstract\\connection-manager.js:222:24)\n    at async C:\\Users\\admin\\Desktop\\yahoo google\\backend\\socket\\node_modules\\sequelize\\lib\\dialects\\abstract\\connection-manager.js:174:32","timestamp":"2024-12-16T05:14:10.141Z"}
info: Server started at http://localhost:3000/api/v1/ {"timestamp":"2024-12-16T05:18:20.049Z"}
error: Could not connect to the database. password authentication failed for user "admin" {"name":"SequelizeConnectionError","original":{"code":"28P01","file":"auth.c","length":101,"line":"326","name":"error","routine":"auth_failed","severity":"FATAL"},"parent":{"code":"28P01","file":"auth.c","length":101,"line":"326","name":"error","routine":"auth_failed","severity":"FATAL"},"stack":"SequelizeConnectionError: password authentication failed for user \"admin\"\n    at Client._connectionCallback (C:\\Users\\admin\\Desktop\\yahoo google\\backend\\socket\\node_modules\\sequelize\\lib\\dialects\\postgres\\connection-manager.js:145:24)\n    at Client._handleErrorWhileConnecting (C:\\Users\\admin\\Desktop\\yahoo google\\backend\\socket\\node_modules\\pg\\lib\\client.js:326:19)\n    at Client._handleErrorMessage (C:\\Users\\admin\\Desktop\\yahoo google\\backend\\socket\\node_modules\\pg\\lib\\client.js:346:19)\n    at Connection.emit (node:events:519:28)\n    at C:\\Users\\admin\\Desktop\\yahoo google\\backend\\socket\\node_modules\\pg\\lib\\connection.js:116:12\n    at Parser.parse (C:\\Users\\admin\\Desktop\\yahoo google\\backend\\socket\\node_modules\\pg-protocol\\dist\\parser.js:36:17)\n    at Socket.<anonymous> (C:\\Users\\admin\\Desktop\\yahoo google\\backend\\socket\\node_modules\\pg-protocol\\dist\\index.js:11:42)\n    at Socket.emit (node:events:519:28)\n    at addChunk (node:internal/streams/readable:559:12)\n    at readableAddChunkPushByteMode (node:internal/streams/readable:510:3)","timestamp":"2024-12-16T05:18:20.210Z"}
info: Server started at http://localhost:3000/api/v1/ {"timestamp":"2024-12-16T05:20:51.815Z"}
error: Could not connect to the database. password authentication failed for user "admin" {"name":"SequelizeConnectionError","original":{"code":"28P01","file":"auth.c","length":101,"line":"326","name":"error","routine":"auth_failed","severity":"FATAL"},"parent":{"code":"28P01","file":"auth.c","length":101,"line":"326","name":"error","routine":"auth_failed","severity":"FATAL"},"stack":"SequelizeConnectionError: password authentication failed for user \"admin\"\n    at Client._connectionCallback (C:\\Users\\admin\\Desktop\\yahoo google\\backend\\socket\\node_modules\\sequelize\\lib\\dialects\\postgres\\connection-manager.js:145:24)\n    at Client._handleErrorWhileConnecting (C:\\Users\\admin\\Desktop\\yahoo google\\backend\\socket\\node_modules\\pg\\lib\\client.js:326:19)\n    at Client._handleErrorMessage (C:\\Users\\admin\\Desktop\\yahoo google\\backend\\socket\\node_modules\\pg\\lib\\client.js:346:19)\n    at Connection.emit (node:events:519:28)\n    at C:\\Users\\admin\\Desktop\\yahoo google\\backend\\socket\\node_modules\\pg\\lib\\connection.js:116:12\n    at Parser.parse (C:\\Users\\admin\\Desktop\\yahoo google\\backend\\socket\\node_modules\\pg-protocol\\dist\\parser.js:36:17)\n    at Socket.<anonymous> (C:\\Users\\admin\\Desktop\\yahoo google\\backend\\socket\\node_modules\\pg-protocol\\dist\\index.js:11:42)\n    at Socket.emit (node:events:519:28)\n    at addChunk (node:internal/streams/readable:559:12)\n    at readableAddChunkPushByteMode (node:internal/streams/readable:510:3)","timestamp":"2024-12-16T05:20:51.936Z"}
info: Server started at http://localhost:3000/api/v1/ {"timestamp":"2024-12-16T05:22:19.696Z"}
info: Connected to the database. {"timestamp":"2024-12-16T05:22:20.015Z"}
error: 
    status - 500 
    message - ValidationError: "name" is required 
    url - /api/v1/users 
    method - POST 
    IP - ::1
   {"timestamp":"2024-12-16T05:24:57.373Z"}
info: Connected to the database. {"timestamp":"2024-12-16T05:50:07.750Z"}
info: Server started at http://localhost:3000/api/v1/ {"timestamp":"2024-12-16T05:52:17.340Z"}
info: Connected to the database. {"timestamp":"2024-12-16T05:52:17.588Z"}
info: Server started at http://localhost:3000/api/v1/ {"timestamp":"2024-12-16T05:54:59.540Z"}
info: Connected to the database. {"timestamp":"2024-12-16T05:54:59.762Z"}
info: Server started at http://localhost:3000/api/v1/ {"timestamp":"2024-12-16T05:57:35.703Z"}
info: Connected to the database. {"timestamp":"2024-12-16T05:57:35.939Z"}
error: 
    status - 500 
    message - ValidationError: "google_id" is not allowed 
    url - /api/v1/users 
    method - POST 
    IP - ::1
   {"timestamp":"2024-12-16T06:14:28.666Z"}
error: 
    status - 500 
    message - ValidationError: "google_id" is not allowed 
    url - /api/v1/users/ 
    method - POST 
    IP - ::1
   {"timestamp":"2024-12-16T06:15:15.529Z"}
info: Server started at http://localhost:3000/api/v1/ {"timestamp":"2024-12-16T06:16:53.997Z"}
info: Connected to the database. {"timestamp":"2024-12-16T06:16:54.261Z"}
error: 
    status - 500 
    message - ValidationError: "google_id" is not allowed 
    url - /api/v1/users/ 
    method - POST 
    IP - ::1
   {"timestamp":"2024-12-16T06:17:27.270Z"}
error: 
    status - 500 
    message - ValidationError: "id" is not allowed 
    url - /api/v1/users/ 
    method - POST 
    IP - ::1
   {"timestamp":"2024-12-16T06:19:46.189Z"}
error: 
    status - 500 
    message - ValidationError: "email" is not allowed 
    url - /api/v1/users/ 
    method - POST 
    IP - ::1
   {"timestamp":"2024-12-16T06:20:22.864Z"}
error: 
    status - 500 
    message - ValidationError: "email" is not allowed 
    url - /api/v1/users 
    method - POST 
    IP - ::1
   {"timestamp":"2024-12-16T06:20:32.099Z"}
error: 
    status - 500 
    message - ValidationError: "email" is not allowed 
    url - /api/v1/users/ 
    method - POST 
    IP - ::1
   {"timestamp":"2024-12-16T06:20:40.023Z"}
error: 
    status - 500 
    message - ValidationError: "email" is not allowed 
    url - /api/v1/users 
    method - POST 
    IP - ::1
   {"timestamp":"2024-12-16T06:20:49.451Z"}
error: 
    status - 500 
    message - ValidationError: "id" is not allowed 
    url - /api/v1/users 
    method - POST 
    IP - ::1
   {"timestamp":"2024-12-16T06:20:56.737Z"}
error: 
    status - 500 
    message - ValidationError: "id" is not allowed 
    url - /api/v1/users 
    method - POST 
    IP - ::1
   {"timestamp":"2024-12-16T06:22:10.140Z"}
error: 
    status - 500 
    message - ValidationError: "id" is not allowed 
    url - /api/v1/users 
    method - POST 
    IP - ::1
   {"timestamp":"2024-12-16T06:23:06.786Z"}
error: 
    status - 500 
    message - ValidationError: "id" is not allowed 
    url - /api/v1/users 
    method - POST 
    IP - ::1
   {"timestamp":"2024-12-16T06:23:12.733Z"}
error: 
    status - 500 
    message - ValidationError: "id" is not allowed 
    url - /api/v1/users 
    method - POST 
    IP - ::1
   {"timestamp":"2024-12-16T06:27:25.730Z"}
error: 
    status - 500 
    message - ValidationError: "id" is not allowed 
    url - /api/v1/users 
    method - POST 
    IP - ::1
   {"timestamp":"2024-12-16T06:28:14.269Z"}
error: 
    status - 500 
    message - ValidationError: "id" is not allowed 
    url - /api/v1/users 
    method - POST 
    IP - ::1
   {"timestamp":"2024-12-16T06:30:34.616Z"}
info: Server started at http://localhost:3000/api/v1/ {"timestamp":"2024-12-16T06:32:12.319Z"}
info: Connected to the database. {"timestamp":"2024-12-16T06:32:12.572Z"}
info: Server started at http://localhost:3000/api/v1/ {"timestamp":"2024-12-16T06:36:29.020Z"}
info: Connected to the database. {"timestamp":"2024-12-16T06:36:29.254Z"}
info: Server started at http://localhost:3000/api/v1/ {"timestamp":"2024-12-16T06:44:52.721Z"}
info: Connected to the database. {"timestamp":"2024-12-16T06:44:52.976Z"}
info: Server started at http://localhost:3000/api/v1/ {"timestamp":"2024-12-16T07:00:13.080Z"}
info: Connected to the database. {"timestamp":"2024-12-16T07:00:13.344Z"}
info: Server started at http://localhost:3000/api/v1/ {"timestamp":"2024-12-16T07:09:55.201Z"}
info: Connected to the database. {"timestamp":"2024-12-16T07:09:55.438Z"}
info: Connected to the database. {"timestamp":"2024-12-16T08:04:06.131Z"}
info: Server started at http://localhost:3000/api/v1/ {"timestamp":"2024-12-16T08:04:34.058Z"}
info: Connected to the database. {"timestamp":"2024-12-16T08:04:34.333Z"}
error: 
    status - 500 
    message - Error: secretOrPrivateKey must have a value
    at module.exports [as sign] (C:\Users\admin\Desktop\yahoo google\backend\socket\node_modules\jsonwebtoken\sign.js:107:20)
    at UserController.<anonymous> (C:\Users\admin\Desktop\yahoo google\backend\socket\build\controllers\user.controller.js:71:54)
    at Generator.next (<anonymous>)
    at fulfilled (C:\Users\admin\Desktop\yahoo google\backend\socket\build\controllers\user.controller.js:5:58)
    at process.processTicksAndRejections (node:internal/process/task_queues:95:5) 
    url - /api/v1/users 
    method - POST 
    IP - ::1
   {"timestamp":"2024-12-16T08:05:20.024Z"}
error: 
    status - 500 
    message - Error: secretOrPrivateKey must have a value
    at module.exports [as sign] (C:\Users\admin\Desktop\yahoo google\backend\socket\node_modules\jsonwebtoken\sign.js:107:20)
    at UserController.<anonymous> (C:\Users\admin\Desktop\yahoo google\backend\socket\build\controllers\user.controller.js:71:54)
    at Generator.next (<anonymous>)
    at fulfilled (C:\Users\admin\Desktop\yahoo google\backend\socket\build\controllers\user.controller.js:5:58)
    at process.processTicksAndRejections (node:internal/process/task_queues:95:5) 
    url - /api/v1/users 
    method - POST 
    IP - ::1
   {"timestamp":"2024-12-16T08:05:33.118Z"}
error: 
    status - 500 
    message - Error: secretOrPrivateKey must have a value
    at module.exports [as sign] (C:\Users\admin\Desktop\yahoo google\backend\socket\node_modules\jsonwebtoken\sign.js:107:20)
    at UserController.<anonymous> (C:\Users\admin\Desktop\yahoo google\backend\socket\build\controllers\user.controller.js:71:54)
    at Generator.next (<anonymous>)
    at fulfilled (C:\Users\admin\Desktop\yahoo google\backend\socket\build\controllers\user.controller.js:5:58)
    at process.processTicksAndRejections (node:internal/process/task_queues:95:5) 
    url - /api/v1/users 
    method - POST 
    IP - ::1
   {"timestamp":"2024-12-16T08:08:00.515Z"}
error: 
    status - 500 
    message - Error: secretOrPrivateKey must have a value
    at module.exports [as sign] (C:\Users\admin\Desktop\yahoo google\backend\socket\node_modules\jsonwebtoken\sign.js:107:20)
    at UserController.<anonymous> (C:\Users\admin\Desktop\yahoo google\backend\socket\build\controllers\user.controller.js:71:54)
    at Generator.next (<anonymous>)
    at fulfilled (C:\Users\admin\Desktop\yahoo google\backend\socket\build\controllers\user.controller.js:5:58)
    at process.processTicksAndRejections (node:internal/process/task_queues:95:5) 
    url - /api/v1/users 
    method - POST 
    IP - ::1
   {"timestamp":"2024-12-16T08:10:27.307Z"}
info: Server started at http://localhost:3000/api/v1/ {"timestamp":"2024-12-16T08:12:20.944Z"}
info: Connected to the database. {"timestamp":"2024-12-16T08:12:21.401Z"}
